{"total": {"lines":{"total":421,"covered":400,"skipped":0,"pct":95.01},"statements":{"total":421,"covered":400,"skipped":0,"pct":95.01},"functions":{"total":45,"covered":41,"skipped":0,"pct":91.11},"branches":{"total":190,"covered":177,"skipped":0,"pct":93.15},"branchesTrue":{"total":0,"covered":0,"skipped":0,"pct":100}}
,"/home/runner/work/path-binder/path-binder/src/generate.ts": {"lines":{"total":28,"covered":28,"skipped":0,"pct":100},"functions":{"total":2,"covered":2,"skipped":0,"pct":100},"statements":{"total":28,"covered":28,"skipped":0,"pct":100},"branches":{"total":9,"covered":9,"skipped":0,"pct":100}}
,"/home/runner/work/path-binder/path-binder/src/index.ts": {"lines":{"total":1,"covered":0,"skipped":0,"pct":0},"functions":{"total":1,"covered":0,"skipped":0,"pct":0},"statements":{"total":1,"covered":0,"skipped":0,"pct":0},"branches":{"total":1,"covered":0,"skipped":0,"pct":0}}
,"/home/runner/work/path-binder/path-binder/src/types.ts": {"lines":{"total":0,"covered":0,"skipped":0,"pct":100},"functions":{"total":1,"covered":1,"skipped":0,"pct":100},"statements":{"total":0,"covered":0,"skipped":0,"pct":100},"branches":{"total":1,"covered":1,"skipped":0,"pct":100}}
,"/home/runner/work/path-binder/path-binder/src/parser/index.ts": {"lines":{"total":1,"covered":0,"skipped":0,"pct":0},"functions":{"total":1,"covered":0,"skipped":0,"pct":0},"statements":{"total":1,"covered":0,"skipped":0,"pct":0},"branches":{"total":1,"covered":0,"skipped":0,"pct":0}}
,"/home/runner/work/path-binder/path-binder/src/parser/parsePath.ts": {"lines":{"total":4,"covered":4,"skipped":0,"pct":100},"functions":{"total":1,"covered":1,"skipped":0,"pct":100},"statements":{"total":4,"covered":4,"skipped":0,"pct":100},"branches":{"total":2,"covered":2,"skipped":0,"pct":100}}
,"/home/runner/work/path-binder/path-binder/src/parser/parseSegment.ts": {"lines":{"total":46,"covered":46,"skipped":0,"pct":100},"functions":{"total":3,"covered":3,"skipped":0,"pct":100},"statements":{"total":46,"covered":46,"skipped":0,"pct":100},"branches":{"total":27,"covered":27,"skipped":0,"pct":100}}
,"/home/runner/work/path-binder/path-binder/src/pipeline/build.ts": {"lines":{"total":12,"covered":12,"skipped":0,"pct":100},"functions":{"total":1,"covered":1,"skipped":0,"pct":100},"statements":{"total":12,"covered":12,"skipped":0,"pct":100},"branches":{"total":4,"covered":4,"skipped":0,"pct":100}}
,"/home/runner/work/path-binder/path-binder/src/pipeline/flatten.ts": {"lines":{"total":9,"covered":9,"skipped":0,"pct":100},"functions":{"total":1,"covered":1,"skipped":0,"pct":100},"statements":{"total":9,"covered":9,"skipped":0,"pct":100},"branches":{"total":3,"covered":3,"skipped":0,"pct":100}}
,"/home/runner/work/path-binder/path-binder/src/pipeline/group.ts": {"lines":{"total":32,"covered":32,"skipped":0,"pct":100},"functions":{"total":5,"covered":5,"skipped":0,"pct":100},"statements":{"total":32,"covered":32,"skipped":0,"pct":100},"branches":{"total":17,"covered":17,"skipped":0,"pct":100}}
,"/home/runner/work/path-binder/path-binder/src/pipeline/index.ts": {"lines":{"total":1,"covered":0,"skipped":0,"pct":0},"functions":{"total":1,"covered":0,"skipped":0,"pct":0},"statements":{"total":1,"covered":0,"skipped":0,"pct":0},"branches":{"total":1,"covered":0,"skipped":0,"pct":0}}
,"/home/runner/work/path-binder/path-binder/src/pipeline/transform.ts": {"lines":{"total":75,"covered":75,"skipped":0,"pct":100},"functions":{"total":3,"covered":3,"skipped":0,"pct":100},"statements":{"total":75,"covered":75,"skipped":0,"pct":100},"branches":{"total":24,"covered":23,"skipped":0,"pct":95.83}}
,"/home/runner/work/path-binder/path-binder/src/schema/arrayOf.ts": {"lines":{"total":4,"covered":4,"skipped":0,"pct":100},"functions":{"total":1,"covered":1,"skipped":0,"pct":100},"statements":{"total":4,"covered":4,"skipped":0,"pct":100},"branches":{"total":1,"covered":1,"skipped":0,"pct":100}}
,"/home/runner/work/path-binder/path-binder/src/schema/asAny.ts": {"lines":{"total":7,"covered":7,"skipped":0,"pct":100},"functions":{"total":1,"covered":1,"skipped":0,"pct":100},"statements":{"total":7,"covered":7,"skipped":0,"pct":100},"branches":{"total":4,"covered":4,"skipped":0,"pct":100}}
,"/home/runner/work/path-binder/path-binder/src/schema/asBoolean.ts": {"lines":{"total":3,"covered":3,"skipped":0,"pct":100},"functions":{"total":1,"covered":1,"skipped":0,"pct":100},"statements":{"total":3,"covered":3,"skipped":0,"pct":100},"branches":{"total":2,"covered":2,"skipped":0,"pct":100}}
,"/home/runner/work/path-binder/path-binder/src/schema/asCustom.ts": {"lines":{"total":3,"covered":3,"skipped":0,"pct":100},"functions":{"total":1,"covered":1,"skipped":0,"pct":100},"statements":{"total":3,"covered":3,"skipped":0,"pct":100},"branches":{"total":1,"covered":1,"skipped":0,"pct":100}}
,"/home/runner/work/path-binder/path-binder/src/schema/asDate.ts": {"lines":{"total":3,"covered":3,"skipped":0,"pct":100},"functions":{"total":1,"covered":1,"skipped":0,"pct":100},"statements":{"total":3,"covered":3,"skipped":0,"pct":100},"branches":{"total":2,"covered":2,"skipped":0,"pct":100}}
,"/home/runner/work/path-binder/path-binder/src/schema/asNumber.ts": {"lines":{"total":3,"covered":3,"skipped":0,"pct":100},"functions":{"total":1,"covered":1,"skipped":0,"pct":100},"statements":{"total":3,"covered":3,"skipped":0,"pct":100},"branches":{"total":2,"covered":2,"skipped":0,"pct":100}}
,"/home/runner/work/path-binder/path-binder/src/schema/asString.ts": {"lines":{"total":3,"covered":3,"skipped":0,"pct":100},"functions":{"total":1,"covered":1,"skipped":0,"pct":100},"statements":{"total":3,"covered":3,"skipped":0,"pct":100},"branches":{"total":2,"covered":2,"skipped":0,"pct":100}}
,"/home/runner/work/path-binder/path-binder/src/schema/defineSchema.ts": {"lines":{"total":3,"covered":3,"skipped":0,"pct":100},"functions":{"total":1,"covered":1,"skipped":0,"pct":100},"statements":{"total":3,"covered":3,"skipped":0,"pct":100},"branches":{"total":1,"covered":1,"skipped":0,"pct":100}}
,"/home/runner/work/path-binder/path-binder/src/schema/guard.ts": {"lines":{"total":22,"covered":22,"skipped":0,"pct":100},"functions":{"total":4,"covered":4,"skipped":0,"pct":100},"statements":{"total":22,"covered":22,"skipped":0,"pct":100},"branches":{"total":11,"covered":11,"skipped":0,"pct":100}}
,"/home/runner/work/path-binder/path-binder/src/schema/index.ts": {"lines":{"total":1,"covered":1,"skipped":0,"pct":100},"functions":{"total":0,"covered":0,"skipped":0,"pct":100},"statements":{"total":1,"covered":1,"skipped":0,"pct":100},"branches":{"total":0,"covered":0,"skipped":0,"pct":100}}
,"/home/runner/work/path-binder/path-binder/src/schema/pathFilter.ts": {"lines":{"total":32,"covered":27,"skipped":0,"pct":84.37},"functions":{"total":2,"covered":2,"skipped":0,"pct":100},"statements":{"total":32,"covered":27,"skipped":0,"pct":84.37},"branches":{"total":16,"covered":14,"skipped":0,"pct":87.5}}
,"/home/runner/work/path-binder/path-binder/src/schema/symbol.ts": {"lines":{"total":1,"covered":1,"skipped":0,"pct":100},"functions":{"total":0,"covered":0,"skipped":0,"pct":100},"statements":{"total":1,"covered":1,"skipped":0,"pct":100},"branches":{"total":0,"covered":0,"skipped":0,"pct":100}}
,"/home/runner/work/path-binder/path-binder/src/schema/types.ts": {"lines":{"total":0,"covered":0,"skipped":0,"pct":100},"functions":{"total":1,"covered":1,"skipped":0,"pct":100},"statements":{"total":0,"covered":0,"skipped":0,"pct":100},"branches":{"total":1,"covered":1,"skipped":0,"pct":100}}
,"/home/runner/work/path-binder/path-binder/src/schema/valueCaster.ts": {"lines":{"total":42,"covered":33,"skipped":0,"pct":78.57},"functions":{"total":2,"covered":2,"skipped":0,"pct":100},"statements":{"total":42,"covered":33,"skipped":0,"pct":78.57},"branches":{"total":21,"covered":17,"skipped":0,"pct":80.95}}
,"/home/runner/work/path-binder/path-binder/src/store/index.ts": {"lines":{"total":1,"covered":0,"skipped":0,"pct":0},"functions":{"total":1,"covered":0,"skipped":0,"pct":0},"statements":{"total":1,"covered":0,"skipped":0,"pct":0},"branches":{"total":1,"covered":0,"skipped":0,"pct":0}}
,"/home/runner/work/path-binder/path-binder/src/store/toRecord.ts": {"lines":{"total":14,"covered":14,"skipped":0,"pct":100},"functions":{"total":2,"covered":2,"skipped":0,"pct":100},"statements":{"total":14,"covered":14,"skipped":0,"pct":100},"branches":{"total":8,"covered":8,"skipped":0,"pct":100}}
,"/home/runner/work/path-binder/path-binder/src/store/writeToStore.ts": {"lines":{"total":70,"covered":67,"skipped":0,"pct":95.71},"functions":{"total":5,"covered":5,"skipped":0,"pct":100},"statements":{"total":70,"covered":67,"skipped":0,"pct":95.71},"branches":{"total":27,"covered":25,"skipped":0,"pct":92.59}}
}
